[rospy.client][INFO] 2017-10-13 16:41:20,694: init_node, name[/distance_collector], pid[1024]
[xmlrpc][INFO] 2017-10-13 16:41:20,694: XML-RPC server binding to 0.0.0.0:0
[xmlrpc][INFO] 2017-10-13 16:41:20,695: Started XML-RPC server [http://wks-51-57:33554/]
[rospy.impl.masterslave][INFO] 2017-10-13 16:41:20,695: _ready: http://wks-51-57:33554/
[rospy.init][INFO] 2017-10-13 16:41:20,695: ROS Slave URI: [http://wks-51-57:33554/]
[xmlrpc][INFO] 2017-10-13 16:41:20,695: xml rpc node: starting XML-RPC server
[rospy.registration][INFO] 2017-10-13 16:41:20,695: Registering with master node http://localhost:11311
[rospy.init][INFO] 2017-10-13 16:41:20,795: registered with master
[rospy.rosout][INFO] 2017-10-13 16:41:20,796: initializing /rosout core topic
[rospy.rosout][INFO] 2017-10-13 16:41:20,798: connected to core topic /rosout
[rospy.simtime][INFO] 2017-10-13 16:41:20,799: initializing /clock core topic
[rospy.simtime][INFO] 2017-10-13 16:41:20,803: connected to core topic /clock
[rospy.internal][INFO] 2017-10-13 16:41:21,048: topic[/rosout] adding connection to [/rosout], count 0
[rospy.internal][INFO] 2017-10-13 16:41:21,087: topic[/all_distances] adding connection to [http://wks-51-57:33292/], count 0
[rospy.internal][INFO] 2017-10-13 16:41:21,303: topic[/all_distances] adding connection to [http://wks-51-57:39080/], count 1
[rospy.internal][INFO] 2017-10-13 16:41:21,308: topic[/clock] adding connection to [http://wks-51-57:46152/], count 0
[rospy.internal][WARNING] 2017-10-13 16:42:36,806: Unknown error initiating TCP/IP socket to wks-51-57:39878 (http://wks-51-57:33292/): Traceback (most recent call last):
  File "/opt/ros/indigo/lib/python2.7/dist-packages/rospy/impl/tcpros_base.py", line 557, in connect
    self.read_header()
  File "/opt/ros/indigo/lib/python2.7/dist-packages/rospy/impl/tcpros_base.py", line 619, in read_header
    self._validate_header(read_ros_handshake_header(sock, self.read_buff, self.protocol.buff_size))
  File "/opt/ros/indigo/lib/python2.7/dist-packages/rosgraph/network.py", line 365, in read_ros_handshake_header
    raise ROSHandshakeException("connection from sender terminated before handshake header received. %s bytes were received. Please check sender for additional details."%b.tell())
ROSHandshakeException: connection from sender terminated before handshake header received. 0 bytes were received. Please check sender for additional details.

[rospy.internal][INFO] 2017-10-13 16:42:36,806: topic[/all_distances] removing connection to http://wks-51-57:33292/
[rospy.core][INFO] 2017-10-13 16:42:36,808: signal_shutdown [signal-2]
[rospy.internal][INFO] 2017-10-13 16:42:36,817: topic[/rosout] removing connection to /rosout
[rospy.internal][INFO] 2017-10-13 16:42:36,818: topic[/clock] removing connection to http://wks-51-57:46152/
[rospy.internal][INFO] 2017-10-13 16:42:36,818: topic[/all_distances] removing connection to http://wks-51-57:39080/
[rospy.impl.masterslave][INFO] 2017-10-13 16:42:36,818: signal-2
[rospy.core][INFO] 2017-10-13 16:42:36,926: signal_shutdown [atexit]
