[rospy.client][INFO] 2017-10-13 16:41:21,098: init_node, name[/robot_0/distance_calculator], pid[1060]
[xmlrpc][INFO] 2017-10-13 16:41:21,099: XML-RPC server binding to 0.0.0.0:0
[xmlrpc][INFO] 2017-10-13 16:41:21,099: Started XML-RPC server [http://wks-51-57:39080/]
[rospy.init][INFO] 2017-10-13 16:41:21,099: ROS Slave URI: [http://wks-51-57:39080/]
[rospy.impl.masterslave][INFO] 2017-10-13 16:41:21,099: _ready: http://wks-51-57:39080/
[xmlrpc][INFO] 2017-10-13 16:41:21,099: xml rpc node: starting XML-RPC server
[rospy.registration][INFO] 2017-10-13 16:41:21,100: Registering with master node http://localhost:11311
[rospy.init][INFO] 2017-10-13 16:41:21,199: registered with master
[rospy.rosout][INFO] 2017-10-13 16:41:21,199: initializing /rosout core topic
[rospy.rosout][INFO] 2017-10-13 16:41:21,201: connected to core topic /rosout
[rospy.simtime][INFO] 2017-10-13 16:41:21,202: initializing /clock core topic
[rospy.simtime][INFO] 2017-10-13 16:41:21,205: connected to core topic /clock
[rospy.internal][INFO] 2017-10-13 16:41:21,288: topic[/robot_0/base_pose_ground_truth] adding connection to [http://wks-51-57:46152/], count 0
[rospy.internal][INFO] 2017-10-13 16:41:21,304: topic[/all_distances] adding connection to [/distance_collector], count 0
[rospy.internal][INFO] 2017-10-13 16:41:21,318: topic[/clock] adding connection to [http://wks-51-57:46152/], count 0
[rospy.internal][INFO] 2017-10-13 16:41:21,509: topic[/rosout] adding connection to [/rosout], count 0
[rospy.core][INFO] 2017-10-13 16:42:36,808: signal_shutdown [signal-2]
[rospy.internal][INFO] 2017-10-13 16:42:36,821: topic[/all_distances] removing connection to /distance_collector
[rospy.internal][INFO] 2017-10-13 16:42:36,822: topic[/rosout] removing connection to /rosout
[rospy.internal][INFO] 2017-10-13 16:42:36,822: topic[/clock] removing connection to http://wks-51-57:46152/
[rospy.internal][INFO] 2017-10-13 16:42:36,822: topic[/robot_0/base_pose_ground_truth] removing connection to http://wks-51-57:46152/
[rospy.impl.masterslave][INFO] 2017-10-13 16:42:36,822: signal-2
[rospy.core][INFO] 2017-10-13 16:42:36,940: signal_shutdown [atexit]
