[rospy.client][INFO] 2017-10-13 16:36:14,532: init_node, name[/robot_1/client_node], pid[31134]
[xmlrpc][INFO] 2017-10-13 16:36:14,533: XML-RPC server binding to 0.0.0.0:0
[xmlrpc][INFO] 2017-10-13 16:36:14,533: Started XML-RPC server [http://wks-51-57:39980/]
[rospy.impl.masterslave][INFO] 2017-10-13 16:36:14,533: _ready: http://wks-51-57:39980/
[rospy.registration][INFO] 2017-10-13 16:36:14,533: Registering with master node http://localhost:11311
[xmlrpc][INFO] 2017-10-13 16:36:14,534: xml rpc node: starting XML-RPC server
[rospy.init][INFO] 2017-10-13 16:36:14,534: ROS Slave URI: [http://wks-51-57:39980/]
[rospy.init][INFO] 2017-10-13 16:36:14,534: registered with master
[rospy.rosout][INFO] 2017-10-13 16:36:14,534: initializing /rosout core topic
[rospy.rosout][INFO] 2017-10-13 16:36:14,537: connected to core topic /rosout
[rospy.simtime][INFO] 2017-10-13 16:36:14,538: initializing /clock core topic
[rospy.simtime][INFO] 2017-10-13 16:36:14,541: connected to core topic /clock
[rospy.internal][INFO] 2017-10-13 16:36:14,576: topic[/tf] adding connection to [http://wks-51-57:36634/], count 0
[rospy.internal][INFO] 2017-10-13 16:36:14,577: topic[/tf] adding connection to [http://wks-51-57:41669/], count 1
[rospy.internal][INFO] 2017-10-13 16:36:14,580: topic[/tf] adding connection to [http://wks-51-57:44020/], count 2
[rospy.internal][INFO] 2017-10-13 16:36:14,582: topic[/collision_positions] adding connection to [http://wks-51-57:32920/], count 0
[rospy.internal][INFO] 2017-10-13 16:36:14,585: topic[/navigation_activity_status] adding connection to [http://wks-51-57:39980/], count 0
[rospy.internal][INFO] 2017-10-13 16:36:14,586: topic[/navigation_activity_status] adding connection to [/robot_1/client_node], count 0
[rospy.internal][INFO] 2017-10-13 16:36:14,590: topic[/navigation_activity_status] adding connection to [http://wks-51-57:32920/], count 1
[rospy.internal][INFO] 2017-10-13 16:36:14,606: topic[/collision_positions] adding connection to [/robot_0/client_node], count 0
[rospy.internal][INFO] 2017-10-13 16:36:14,607: topic[/collision_positions] adding connection to [http://wks-51-57:39980/], count 1
[rospy.internal][INFO] 2017-10-13 16:36:14,608: topic[/collision_positions] adding connection to [/robot_1/client_node], count 1
[rospy.internal][INFO] 2017-10-13 16:36:14,611: topic[/navigation_activity_status] adding connection to [/robot_0/client_node], count 1
[rospy.internal][INFO] 2017-10-13 16:36:14,800: topic[/rosout] adding connection to [/rosout], count 0
[rospy.internal][INFO] 2017-10-13 16:36:14,844: topic[/clock] adding connection to [http://wks-51-57:36634/], count 0
[rospy.internal][INFO] 2017-10-13 16:36:14,844: topic[/robot_1/base_pose_ground_truth] adding connection to [http://wks-51-57:36634/], count 0
[rospy.internal][INFO] 2017-10-13 16:36:17,109: topic[/robot_1/move_base/status] adding connection to [http://wks-51-57:39885/], count 0
[rospy.internal][INFO] 2017-10-13 16:36:17,111: topic[/robot_1/move_base/result] adding connection to [http://wks-51-57:39885/], count 0
[rospy.internal][INFO] 2017-10-13 16:36:17,111: topic[/robot_1/move_base/feedback] adding connection to [http://wks-51-57:39885/], count 0
[rospy.internal][INFO] 2017-10-13 16:36:17,211: topic[/robot_1/move_base/goal] adding connection to [/robot_1/move_base_node], count 0
[rospy.internal][INFO] 2017-10-13 16:36:17,212: topic[/robot_1/move_base/cancel] adding connection to [/robot_1/move_base_node], count 0
[rospy.core][INFO] 2017-10-13 16:40:45,292: signal_shutdown [signal-2]
[rospy.internal][INFO] 2017-10-13 16:40:45,304: topic[/robot_1/move_base/cancel] removing connection to /robot_1/move_base_node
[rospy.internal][INFO] 2017-10-13 16:40:45,304: topic[/rosout] removing connection to /rosout
[rospy.internal][INFO] 2017-10-13 16:40:45,304: topic[/robot_1/move_base/goal] removing connection to /robot_1/move_base_node
[rospy.internal][INFO] 2017-10-13 16:40:45,305: topic[/navigation_activity_status] removing connection to /robot_1/client_node
[rospy.internal][INFO] 2017-10-13 16:40:45,305: topic[/navigation_activity_status] removing connection to /robot_0/client_node
[rospy.internal][INFO] 2017-10-13 16:40:45,305: topic[/collision_positions] removing connection to /robot_0/client_node
[rospy.internal][INFO] 2017-10-13 16:40:45,305: topic[/collision_positions] removing connection to /robot_1/client_node
[rospy.internal][INFO] 2017-10-13 16:40:45,306: topic[/robot_1/base_pose_ground_truth] removing connection to http://wks-51-57:36634/
[rospy.internal][INFO] 2017-10-13 16:40:45,306: topic[/robot_1/move_base/result] removing connection to http://wks-51-57:39885/
[rospy.internal][INFO] 2017-10-13 16:40:45,306: topic[/tf] removing connection to http://wks-51-57:36634/
[rospy.internal][INFO] 2017-10-13 16:40:45,306: topic[/tf] removing connection to http://wks-51-57:41669/
[rospy.internal][INFO] 2017-10-13 16:40:45,306: topic[/tf] removing connection to http://wks-51-57:44020/
[rospy.internal][ERROR] 2017-10-13 16:40:45,307: Unable to initiate TCP/IP socket to wks-51-57:46491 (http://wks-51-57:39980/): Traceback (most recent call last):
  File "/opt/ros/indigo/lib/python2.7/dist-packages/rospy/impl/tcpros_base.py", line 557, in connect
    self.read_header()
  File "/opt/ros/indigo/lib/python2.7/dist-packages/rospy/impl/tcpros_base.py", line 619, in read_header
    self._validate_header(read_ros_handshake_header(sock, self.read_buff, self.protocol.buff_size))
  File "/opt/ros/indigo/lib/python2.7/dist-packages/rospy/impl/tcpros_base.py", line 580, in _validate_header
    raise TransportInitError("remote error reported: %s"%header['error'])
TransportInitError: remote error reported: node shutting down

[rospy.internal][ERROR] 2017-10-13 16:40:45,307: Unable to initiate TCP/IP socket to wks-51-57:46491 (http://wks-51-57:39980/): Traceback (most recent call last):
  File "/opt/ros/indigo/lib/python2.7/dist-packages/rospy/impl/tcpros_base.py", line 557, in connect
    self.read_header()
  File "/opt/ros/indigo/lib/python2.7/dist-packages/rospy/impl/tcpros_base.py", line 619, in read_header
    self._validate_header(read_ros_handshake_header(sock, self.read_buff, self.protocol.buff_size))
  File "/opt/ros/indigo/lib/python2.7/dist-packages/rospy/impl/tcpros_base.py", line 580, in _validate_header
    raise TransportInitError("remote error reported: %s"%header['error'])
TransportInitError: remote error reported: node shutting down

[rospy.internal][INFO] 2017-10-13 16:40:45,307: topic[/clock] removing connection to http://wks-51-57:36634/
[rospy.internal][INFO] 2017-10-13 16:40:45,307: topic[/robot_1/move_base/feedback] removing connection to http://wks-51-57:39885/
[rospy.internal][INFO] 2017-10-13 16:40:45,307: topic[/navigation_activity_status] removing connection to http://wks-51-57:39980/
[rospy.internal][INFO] 2017-10-13 16:40:45,307: topic[/navigation_activity_status] removing connection to http://wks-51-57:32920/
[rospy.internal][WARNING] 2017-10-13 16:40:45,308: Unknown error initiating TCP/IP socket to wks-51-57:53852 (http://wks-51-57:36634/): Traceback (most recent call last):
  File "/opt/ros/indigo/lib/python2.7/dist-packages/rospy/impl/tcpros_base.py", line 558, in connect
    self.local_endpoint = self.socket.getsockname()
AttributeError: 'NoneType' object has no attribute 'getsockname'

[rospy.internal][INFO] 2017-10-13 16:40:45,308: topic[/collision_positions] removing connection to http://wks-51-57:32920/
[rospy.internal][INFO] 2017-10-13 16:40:45,308: topic[/collision_positions] removing connection to http://wks-51-57:39980/
[rospy.internal][INFO] 2017-10-13 16:40:45,308: topic[/robot_1/move_base/status] removing connection to http://wks-51-57:39885/
[rospy.impl.masterslave][INFO] 2017-10-13 16:40:45,308: signal-2
[rospy.core][INFO] 2017-10-13 16:40:45,424: signal_shutdown [atexit]
