[rospy.client][INFO] 2017-10-13 16:36:14,636: init_node, name[/robot_1/distance_calculator], pid[31150]
[xmlrpc][INFO] 2017-10-13 16:36:14,637: XML-RPC server binding to 0.0.0.0:0
[xmlrpc][INFO] 2017-10-13 16:36:14,638: Started XML-RPC server [http://wks-51-57:42313/]
[rospy.impl.masterslave][INFO] 2017-10-13 16:36:14,638: _ready: http://wks-51-57:42313/
[rospy.init][INFO] 2017-10-13 16:36:14,638: ROS Slave URI: [http://wks-51-57:42313/]
[xmlrpc][INFO] 2017-10-13 16:36:14,639: xml rpc node: starting XML-RPC server
[rospy.registration][INFO] 2017-10-13 16:36:14,639: Registering with master node http://localhost:11311
[rospy.init][INFO] 2017-10-13 16:36:14,738: registered with master
[rospy.rosout][INFO] 2017-10-13 16:36:14,739: initializing /rosout core topic
[rospy.rosout][INFO] 2017-10-13 16:36:14,741: connected to core topic /rosout
[rospy.simtime][INFO] 2017-10-13 16:36:14,742: initializing /clock core topic
[rospy.simtime][INFO] 2017-10-13 16:36:14,744: connected to core topic /clock
[rospy.internal][INFO] 2017-10-13 16:36:14,819: topic[/clock] adding connection to [http://wks-51-57:36634/], count 0
[rospy.internal][INFO] 2017-10-13 16:36:14,819: topic[/robot_1/base_pose_ground_truth] adding connection to [http://wks-51-57:36634/], count 0
[rospy.internal][INFO] 2017-10-13 16:36:14,834: topic[/all_distances] adding connection to [/distance_collector], count 0
[rospy.internal][INFO] 2017-10-13 16:36:15,008: topic[/rosout] adding connection to [/rosout], count 0
[rospy.core][INFO] 2017-10-13 16:40:45,291: signal_shutdown [signal-2]
[rospy.internal][INFO] 2017-10-13 16:40:45,294: topic[/all_distances] removing connection to /distance_collector
[rospy.internal][INFO] 2017-10-13 16:40:45,295: topic[/rosout] removing connection to /rosout
[rospy.internal][INFO] 2017-10-13 16:40:45,295: topic[/robot_1/base_pose_ground_truth] removing connection to http://wks-51-57:36634/
[rospy.internal][INFO] 2017-10-13 16:40:45,295: topic[/clock] removing connection to http://wks-51-57:36634/
[rospy.impl.masterslave][INFO] 2017-10-13 16:40:45,295: signal-2
[rospy.core][INFO] 2017-10-13 16:40:45,427: signal_shutdown [atexit]
