[rospy.client][INFO] 2017-10-13 16:36:14,627: init_node, name[/robot_0/distance_calculator], pid[31099]
[xmlrpc][INFO] 2017-10-13 16:36:14,628: XML-RPC server binding to 0.0.0.0:0
[xmlrpc][INFO] 2017-10-13 16:36:14,629: Started XML-RPC server [http://wks-51-57:36876/]
[rospy.impl.masterslave][INFO] 2017-10-13 16:36:14,629: _ready: http://wks-51-57:36876/
[rospy.registration][INFO] 2017-10-13 16:36:14,629: Registering with master node http://localhost:11311
[xmlrpc][INFO] 2017-10-13 16:36:14,629: xml rpc node: starting XML-RPC server
[rospy.init][INFO] 2017-10-13 16:36:14,630: ROS Slave URI: [http://wks-51-57:36876/]
[rospy.init][INFO] 2017-10-13 16:36:14,630: registered with master
[rospy.rosout][INFO] 2017-10-13 16:36:14,630: initializing /rosout core topic
[rospy.rosout][INFO] 2017-10-13 16:36:14,634: connected to core topic /rosout
[rospy.simtime][INFO] 2017-10-13 16:36:14,635: initializing /clock core topic
[rospy.simtime][INFO] 2017-10-13 16:36:14,638: connected to core topic /clock
[rospy.internal][INFO] 2017-10-13 16:36:14,720: topic[/all_distances] adding connection to [/distance_collector], count 0
[rospy.internal][INFO] 2017-10-13 16:36:14,811: topic[/robot_0/base_pose_ground_truth] adding connection to [http://wks-51-57:36634/], count 0
[rospy.internal][INFO] 2017-10-13 16:36:14,814: topic[/clock] adding connection to [http://wks-51-57:36634/], count 0
[rospy.internal][INFO] 2017-10-13 16:36:14,907: topic[/rosout] adding connection to [/rosout], count 0
[rospy.core][INFO] 2017-10-13 16:40:45,298: signal_shutdown [signal-2]
[rospy.internal][INFO] 2017-10-13 16:40:45,307: topic[/all_distances] removing connection to /distance_collector
[rospy.internal][INFO] 2017-10-13 16:40:45,308: topic[/rosout] removing connection to /rosout
[rospy.internal][INFO] 2017-10-13 16:40:45,308: topic[/clock] removing connection to http://wks-51-57:36634/
[rospy.internal][INFO] 2017-10-13 16:40:45,308: topic[/robot_0/base_pose_ground_truth] removing connection to http://wks-51-57:36634/
[rospy.topics][ERROR] 2017-10-13 16:40:45,308: Traceback (most recent call last):
  File "/opt/ros/indigo/lib/python2.7/dist-packages/rospy/topics.py", line 307, in close
    c.close()
  File "/opt/ros/indigo/lib/python2.7/dist-packages/rospy/impl/tcpros_base.py", line 807, in close
    self.socket.close()
AttributeError: 'NoneType' object has no attribute 'close'

[rospy.impl.masterslave][INFO] 2017-10-13 16:40:45,309: signal-2
[rospy.internal][WARNING] 2017-10-13 16:40:45,309: Unknown error initiating TCP/IP socket to wks-51-57:53852 (http://wks-51-57:36634/): Traceback (most recent call last):
  File "/opt/ros/indigo/lib/python2.7/dist-packages/rospy/impl/tcpros_base.py", line 557, in connect
    self.read_header()
  File "/opt/ros/indigo/lib/python2.7/dist-packages/rospy/impl/tcpros_base.py", line 619, in read_header
    self._validate_header(read_ros_handshake_header(sock, self.read_buff, self.protocol.buff_size))
AttributeError: 'NoneType' object has no attribute 'buff_size'

[rospy.core][INFO] 2017-10-13 16:40:45,424: signal_shutdown [atexit]
