[rospy.client][INFO] 2017-10-13 16:42:49,801: init_node, name[/robot_0/distance_calculator], pid[3870]
[xmlrpc][INFO] 2017-10-13 16:42:49,802: XML-RPC server binding to 0.0.0.0:0
[xmlrpc][INFO] 2017-10-13 16:42:49,802: Started XML-RPC server [http://wks-51-57:37445/]
[rospy.impl.masterslave][INFO] 2017-10-13 16:42:49,802: _ready: http://wks-51-57:37445/
[rospy.init][INFO] 2017-10-13 16:42:49,803: ROS Slave URI: [http://wks-51-57:37445/]
[xmlrpc][INFO] 2017-10-13 16:42:49,803: xml rpc node: starting XML-RPC server
[rospy.registration][INFO] 2017-10-13 16:42:49,804: Registering with master node http://localhost:11311
[rospy.init][INFO] 2017-10-13 16:42:49,903: registered with master
[rospy.rosout][INFO] 2017-10-13 16:42:49,904: initializing /rosout core topic
[rospy.rosout][INFO] 2017-10-13 16:42:49,906: connected to core topic /rosout
[rospy.simtime][INFO] 2017-10-13 16:42:49,908: initializing /clock core topic
[rospy.simtime][INFO] 2017-10-13 16:42:49,911: connected to core topic /clock
[rospy.internal][INFO] 2017-10-13 16:42:49,936: topic[/robot_0/base_pose_ground_truth] adding connection to [http://wks-51-57:40553/], count 0
[rospy.internal][INFO] 2017-10-13 16:42:49,937: topic[/clock] adding connection to [http://wks-51-57:40553/], count 0
[rospy.internal][INFO] 2017-10-13 16:42:50,046: topic[/all_distances] adding connection to [/distance_collector], count 0
[rospy.internal][INFO] 2017-10-13 16:42:50,204: topic[/rosout] adding connection to [/rosout], count 0
[rospy.core][INFO] 2017-10-13 16:42:53,494: signal_shutdown [signal-2]
[rospy.internal][INFO] 2017-10-13 16:42:53,506: topic[/all_distances] removing connection to /distance_collector
[rospy.internal][INFO] 2017-10-13 16:42:53,506: topic[/rosout] removing connection to /rosout
[rospy.internal][INFO] 2017-10-13 16:42:53,506: topic[/clock] removing connection to http://wks-51-57:40553/
[rospy.internal][INFO] 2017-10-13 16:42:53,506: topic[/robot_0/base_pose_ground_truth] removing connection to http://wks-51-57:40553/
[rospy.impl.masterslave][INFO] 2017-10-13 16:42:53,507: signal-2
[rospy.core][INFO] 2017-10-13 16:42:54,124: signal_shutdown [atexit]
