[rospy.client][INFO] 2017-10-13 16:42:49,792: init_node, name[/robot_1/client_node], pid[3880]
[xmlrpc][INFO] 2017-10-13 16:42:49,792: XML-RPC server binding to 0.0.0.0:0
[xmlrpc][INFO] 2017-10-13 16:42:49,793: Started XML-RPC server [http://wks-51-57:36689/]
[rospy.impl.masterslave][INFO] 2017-10-13 16:42:49,793: _ready: http://wks-51-57:36689/
[rospy.registration][INFO] 2017-10-13 16:42:49,793: Registering with master node http://localhost:11311
[xmlrpc][INFO] 2017-10-13 16:42:49,793: xml rpc node: starting XML-RPC server
[rospy.init][INFO] 2017-10-13 16:42:49,794: ROS Slave URI: [http://wks-51-57:36689/]
[rospy.init][INFO] 2017-10-13 16:42:49,794: registered with master
[rospy.rosout][INFO] 2017-10-13 16:42:49,794: initializing /rosout core topic
[rospy.rosout][INFO] 2017-10-13 16:42:49,795: connected to core topic /rosout
[rospy.simtime][INFO] 2017-10-13 16:42:49,799: initializing /clock core topic
[rospy.simtime][INFO] 2017-10-13 16:42:49,803: connected to core topic /clock
[rospy.internal][INFO] 2017-10-13 16:42:49,810: topic[/clock] adding connection to [http://wks-51-57:40553/], count 0
[rospy.internal][INFO] 2017-10-13 16:42:49,824: topic[/tf] adding connection to [http://wks-51-57:40553/], count 0
[rospy.internal][INFO] 2017-10-13 16:42:49,824: topic[/tf] adding connection to [http://wks-51-57:41351/], count 1
[rospy.internal][INFO] 2017-10-13 16:42:49,826: topic[/tf] adding connection to [http://wks-51-57:35189/], count 2
[rospy.internal][INFO] 2017-10-13 16:42:49,863: topic[/navigation_activity_status] adding connection to [http://wks-51-57:36689/], count 0
[rospy.internal][INFO] 2017-10-13 16:42:49,864: topic[/navigation_activity_status] adding connection to [/robot_1/client_node], count 0
[rospy.internal][INFO] 2017-10-13 16:42:49,869: topic[/robot_1/base_pose_ground_truth] adding connection to [http://wks-51-57:40553/], count 0
[rospy.internal][INFO] 2017-10-13 16:42:49,908: topic[/collision_positions] adding connection to [/robot_0/client_node], count 0
[rospy.internal][INFO] 2017-10-13 16:42:49,911: topic[/collision_positions] adding connection to [http://wks-51-57:36689/], count 0
[rospy.internal][INFO] 2017-10-13 16:42:49,911: topic[/navigation_activity_status] adding connection to [/robot_0/client_node], count 1
[rospy.internal][INFO] 2017-10-13 16:42:49,912: topic[/collision_positions] adding connection to [/robot_1/client_node], count 1
[rospy.internal][INFO] 2017-10-13 16:42:49,918: topic[/collision_positions] adding connection to [http://wks-51-57:36356/], count 1
[rospy.internal][INFO] 2017-10-13 16:42:49,945: topic[/navigation_activity_status] adding connection to [http://wks-51-57:36356/], count 1
[rospy.internal][INFO] 2017-10-13 16:42:50,008: topic[/rosout] adding connection to [/rosout], count 0
[rospy.internal][INFO] 2017-10-13 16:42:52,073: topic[/robot_1/move_base/status] adding connection to [http://wks-51-57:42268/], count 0
[rospy.internal][INFO] 2017-10-13 16:42:52,073: topic[/robot_1/move_base/feedback] adding connection to [http://wks-51-57:42268/], count 0
[rospy.internal][INFO] 2017-10-13 16:42:52,074: topic[/robot_1/move_base/result] adding connection to [http://wks-51-57:42268/], count 0
[rospy.internal][INFO] 2017-10-13 16:42:52,175: topic[/robot_1/move_base/goal] adding connection to [/robot_1/move_base_node], count 0
[rospy.internal][INFO] 2017-10-13 16:42:52,175: topic[/robot_1/move_base/cancel] adding connection to [/robot_1/move_base_node], count 0
[rospy.core][INFO] 2017-10-13 16:42:53,493: signal_shutdown [signal-2]
[rospy.internal][INFO] 2017-10-13 16:42:53,506: topic[/robot_1/move_base/cancel] removing connection to /robot_1/move_base_node
[rospy.internal][INFO] 2017-10-13 16:42:53,506: topic[/rosout] removing connection to /rosout
[rospy.internal][INFO] 2017-10-13 16:42:53,506: topic[/robot_1/move_base/goal] removing connection to /robot_1/move_base_node
[rospy.internal][INFO] 2017-10-13 16:42:53,506: topic[/navigation_activity_status] removing connection to /robot_1/client_node
[rospy.internal][INFO] 2017-10-13 16:42:53,506: topic[/navigation_activity_status] removing connection to /robot_0/client_node
[rospy.internal][INFO] 2017-10-13 16:42:53,506: topic[/collision_positions] removing connection to /robot_0/client_node
[rospy.internal][INFO] 2017-10-13 16:42:53,507: topic[/collision_positions] removing connection to /robot_1/client_node
[rospy.internal][INFO] 2017-10-13 16:42:53,507: topic[/robot_1/base_pose_ground_truth] removing connection to http://wks-51-57:40553/
[rospy.internal][INFO] 2017-10-13 16:42:53,507: topic[/robot_1/move_base/result] removing connection to http://wks-51-57:42268/
[rospy.internal][INFO] 2017-10-13 16:42:53,507: topic[/tf] removing connection to http://wks-51-57:40553/
[rospy.internal][INFO] 2017-10-13 16:42:53,507: topic[/tf] removing connection to http://wks-51-57:41351/
[rospy.internal][INFO] 2017-10-13 16:42:53,507: topic[/tf] removing connection to http://wks-51-57:35189/
[rospy.internal][INFO] 2017-10-13 16:42:53,507: topic[/clock] removing connection to http://wks-51-57:40553/
[rospy.internal][ERROR] 2017-10-13 16:42:53,508: Unable to initiate TCP/IP socket to wks-51-57:40498 (http://wks-51-57:36689/): Traceback (most recent call last):
  File "/opt/ros/indigo/lib/python2.7/dist-packages/rospy/impl/tcpros_base.py", line 557, in connect
    self.read_header()
  File "/opt/ros/indigo/lib/python2.7/dist-packages/rospy/impl/tcpros_base.py", line 619, in read_header
    self._validate_header(read_ros_handshake_header(sock, self.read_buff, self.protocol.buff_size))
  File "/opt/ros/indigo/lib/python2.7/dist-packages/rospy/impl/tcpros_base.py", line 580, in _validate_header
    raise TransportInitError("remote error reported: %s"%header['error'])
TransportInitError: remote error reported: node shutting down

[rospy.internal][ERROR] 2017-10-13 16:42:53,511: Unable to initiate TCP/IP socket to wks-51-57:40498 (http://wks-51-57:36689/): Traceback (most recent call last):
  File "/opt/ros/indigo/lib/python2.7/dist-packages/rospy/impl/tcpros_base.py", line 557, in connect
    self.read_header()
  File "/opt/ros/indigo/lib/python2.7/dist-packages/rospy/impl/tcpros_base.py", line 619, in read_header
    self._validate_header(read_ros_handshake_header(sock, self.read_buff, self.protocol.buff_size))
  File "/opt/ros/indigo/lib/python2.7/dist-packages/rospy/impl/tcpros_base.py", line 580, in _validate_header
    raise TransportInitError("remote error reported: %s"%header['error'])
TransportInitError: remote error reported: node shutting down

[rospy.internal][INFO] 2017-10-13 16:42:53,512: topic[/robot_1/move_base/feedback] removing connection to http://wks-51-57:42268/
[rospy.internal][INFO] 2017-10-13 16:42:53,513: topic[/navigation_activity_status] removing connection to http://wks-51-57:36689/
[rospy.internal][INFO] 2017-10-13 16:42:53,513: topic[/navigation_activity_status] removing connection to http://wks-51-57:36356/
[rospy.internal][INFO] 2017-10-13 16:42:53,513: topic[/collision_positions] removing connection to http://wks-51-57:36689/
[rospy.internal][INFO] 2017-10-13 16:42:53,513: topic[/collision_positions] removing connection to http://wks-51-57:36356/
[rospy.internal][INFO] 2017-10-13 16:42:53,513: topic[/robot_1/move_base/status] removing connection to http://wks-51-57:42268/
[rospy.impl.masterslave][INFO] 2017-10-13 16:42:53,514: signal-2
[rospy.core][INFO] 2017-10-13 16:42:53,651: signal_shutdown [atexit]
