[rospy.client][INFO] 2017-10-13 16:43:01,000: init_node, name[/robot_0/distance_calculator], pid[6196]
[xmlrpc][INFO] 2017-10-13 16:43:01,001: XML-RPC server binding to 0.0.0.0:0
[xmlrpc][INFO] 2017-10-13 16:43:01,001: Started XML-RPC server [http://wks-51-57:40816/]
[rospy.impl.masterslave][INFO] 2017-10-13 16:43:01,001: _ready: http://wks-51-57:40816/
[rospy.registration][INFO] 2017-10-13 16:43:01,002: Registering with master node http://localhost:11311
[xmlrpc][INFO] 2017-10-13 16:43:01,002: xml rpc node: starting XML-RPC server
[rospy.init][INFO] 2017-10-13 16:43:01,002: ROS Slave URI: [http://wks-51-57:40816/]
[rospy.init][INFO] 2017-10-13 16:43:01,002: registered with master
[rospy.rosout][INFO] 2017-10-13 16:43:01,002: initializing /rosout core topic
[rospy.rosout][INFO] 2017-10-13 16:43:01,005: connected to core topic /rosout
[rospy.simtime][INFO] 2017-10-13 16:43:01,008: initializing /clock core topic
[rospy.simtime][INFO] 2017-10-13 16:43:01,012: connected to core topic /clock
[rospy.internal][INFO] 2017-10-13 16:43:01,063: topic[/all_distances] adding connection to [/distance_collector], count 0
[rospy.internal][INFO] 2017-10-13 16:43:01,234: topic[/rosout] adding connection to [/rosout], count 0
[rospy.internal][INFO] 2017-10-13 16:43:01,386: topic[/clock] adding connection to [http://wks-51-57:40214/], count 0
[rospy.internal][INFO] 2017-10-13 16:43:01,387: topic[/robot_0/base_pose_ground_truth] adding connection to [http://wks-51-57:40214/], count 0
[rospy.core][INFO] 2017-10-13 16:45:45,169: signal_shutdown [signal-2]
[rospy.internal][INFO] 2017-10-13 16:45:45,179: topic[/all_distances] removing connection to /distance_collector
[rospy.internal][INFO] 2017-10-13 16:45:45,180: topic[/rosout] removing connection to /rosout
[rospy.internal][INFO] 2017-10-13 16:45:45,180: topic[/clock] removing connection to http://wks-51-57:40214/
[rospy.topics][ERROR] 2017-10-13 16:45:45,180: Traceback (most recent call last):
  File "/opt/ros/indigo/lib/python2.7/dist-packages/rospy/topics.py", line 307, in close
    c.close()
  File "/opt/ros/indigo/lib/python2.7/dist-packages/rospy/impl/tcpros_base.py", line 807, in close
    self.socket.close()
AttributeError: 'NoneType' object has no attribute 'close'

[rospy.internal][INFO] 2017-10-13 16:45:45,180: topic[/robot_0/base_pose_ground_truth] removing connection to http://wks-51-57:40214/
[rospy.impl.masterslave][INFO] 2017-10-13 16:45:45,181: signal-2
[rospy.internal][WARNING] 2017-10-13 16:45:45,181: Unknown error initiating TCP/IP socket to wks-51-57:49725 (http://wks-51-57:40214/): Traceback (most recent call last):
  File "/opt/ros/indigo/lib/python2.7/dist-packages/rospy/impl/tcpros_base.py", line 557, in connect
    self.read_header()
  File "/opt/ros/indigo/lib/python2.7/dist-packages/rospy/impl/tcpros_base.py", line 619, in read_header
    self._validate_header(read_ros_handshake_header(sock, self.read_buff, self.protocol.buff_size))
AttributeError: 'NoneType' object has no attribute 'buff_size'

[rospy.core][INFO] 2017-10-13 16:45:45,291: signal_shutdown [atexit]
