[rospy.client][INFO] 2017-10-13 16:43:00,898: init_node, name[/robot_1/distance_calculator], pid[6255]
[xmlrpc][INFO] 2017-10-13 16:43:00,898: XML-RPC server binding to 0.0.0.0:0
[xmlrpc][INFO] 2017-10-13 16:43:00,899: Started XML-RPC server [http://wks-51-57:39674/]
[rospy.impl.masterslave][INFO] 2017-10-13 16:43:00,899: _ready: http://wks-51-57:39674/
[xmlrpc][INFO] 2017-10-13 16:43:00,899: xml rpc node: starting XML-RPC server
[rospy.registration][INFO] 2017-10-13 16:43:00,899: Registering with master node http://localhost:11311
[rospy.init][INFO] 2017-10-13 16:43:00,900: ROS Slave URI: [http://wks-51-57:39674/]
[rospy.init][INFO] 2017-10-13 16:43:00,900: registered with master
[rospy.rosout][INFO] 2017-10-13 16:43:00,900: initializing /rosout core topic
[rospy.rosout][INFO] 2017-10-13 16:43:00,902: connected to core topic /rosout
[rospy.simtime][INFO] 2017-10-13 16:43:00,903: initializing /clock core topic
[rospy.simtime][INFO] 2017-10-13 16:43:00,905: connected to core topic /clock
[rospy.internal][INFO] 2017-10-13 16:43:00,948: topic[/all_distances] adding connection to [/distance_collector], count 0
[rospy.internal][INFO] 2017-10-13 16:43:01,132: topic[/rosout] adding connection to [/rosout], count 0
[rospy.internal][INFO] 2017-10-13 16:43:01,380: topic[/clock] adding connection to [http://wks-51-57:40214/], count 0
[rospy.internal][INFO] 2017-10-13 16:43:01,381: topic[/robot_1/base_pose_ground_truth] adding connection to [http://wks-51-57:40214/], count 0
[rospy.core][INFO] 2017-10-13 16:45:45,166: signal_shutdown [signal-2]
[rospy.internal][INFO] 2017-10-13 16:45:45,169: topic[/all_distances] removing connection to /distance_collector
[rospy.internal][INFO] 2017-10-13 16:45:45,169: topic[/rosout] removing connection to /rosout
[rospy.internal][INFO] 2017-10-13 16:45:45,169: topic[/robot_1/base_pose_ground_truth] removing connection to http://wks-51-57:40214/
[rospy.internal][INFO] 2017-10-13 16:45:45,169: topic[/clock] removing connection to http://wks-51-57:40214/
[rospy.impl.masterslave][INFO] 2017-10-13 16:45:45,169: signal-2
[rospy.core][INFO] 2017-10-13 16:45:45,287: signal_shutdown [atexit]
